#
# A fatal error has been detected by the Java Runtime Environment:
#
#  EXCEPTION_ACCESS_VIOLATION (0xc0000005) at pc=0x00007ffb1032234e, pid=10316, tid=4116
#
# JRE version:  (17.0.15+9) (build )
# Java VM: Java HotSpot(TM) 64-Bit Server VM (17.0.15+9-LTS-241, mixed mode, sharing, tiered, compressed oops, compressed class ptrs, g1 gc, windows-amd64)
# Problematic frame:
# V  [jvm.dll+0x2c234e]
#
# No core dump will be written. Minidumps are not enabled by default on client versions of Windows
#
#

---------------  S U M M A R Y ------------

Command Line: --enable-native-access=ALL-UNNAMED 

Host: Intel(R) Core(TM) i7-8650U CPU @ 1.90GHz, 8 cores, 15G,  Windows 11 , 64 bit Build 22621 (10.0.22621.5262)
Time: Tue Jul  1 12:25:31 2025 India Standard Time elapsed time: 0.055616 seconds (0d 0h 0m 0s)

---------------  T H R E A D  ---------------

Current thread (0x0000026d64ec0be0):  JavaThread "Unknown thread" [_thread_in_vm, id=4116, stack(0x00000098e4700000,0x00000098e4800000)]

Stack: [0x00000098e4700000,0x00000098e4800000],  sp=0x00000098e47fee00,  free space=1019k
Native frames: (J=compiled Java code, j=interpreted, Vv=VM code, C=native code)
V  [jvm.dll+0x2c234e]
V  [jvm.dll+0x2c27b5]
V  [jvm.dll+0x626e76]
V  [jvm.dll+0x6270a3]
V  [jvm.dll+0x626583]
V  [jvm.dll+0x6222b8]
V  [jvm.dll+0x7acec5]
V  [jvm.dll+0x3678b1]
V  [jvm.dll+0x78be69]
V  [jvm.dll+0x3ecc6e]
V  [jvm.dll+0x3ee8a1]
C  [jli.dll+0x5297]
C  [ucrtbase.dll+0x29333]
C  [KERNEL32.DLL+0x1259d]
C  [ntdll.dll+0x5af58]


siginfo: EXCEPTION_ACCESS_VIOLATION (0xc0000005), reading address 0x0000000000000000


Registers:
RAX=0x00008a2120f9e2c8, RBX=0x0000000000000000, RCX=0x0000000000000000, RDX=0x00007ffb10956d01
RSP=0x00000098e47fee00, RBP=0x0000000000000001, RSI=0x0000026d018f6410, RDI=0x0000000000000000
R8 =0x0000000000000001, R9 =0x0000000000000001, R10=0x0000000000000000, R11=0x0000000000000246
R12=0x0000000000000000, R13=0x0000000000000000, R14=0x0000000000000001, R15=0x0000026d01000000
RIP=0x00007ffb1032234e, EFLAGS=0x0000000000010246


Top of Stack: (sp=0x00000098e47fee00)
0x00000098e47fee00:   0000026d01bd0000 0000000800000000
0x00000098e47fee10:   0000000800bd0000 0000026d01000000
0x00000098e47fee20:   0000026d01bd0000 0000026501000000
0x00000098e47fee30:   00000098e47fef50 0000000000000001
0x00000098e47fee40:   00008a2120f9e148 0000026d00389210
0x00000098e47fee50:   00008a2120f9e2c8 0000026d00389210
0x00000098e47fee60:   0000000000000000 00007ffb103227b5
0x00000098e47fee70:   0000026d01000000 0000000000000000
0x00000098e47fee80:   0000026d00389210 0000000000000000
0x00000098e47fee90:   0000026d018f6408 0000000000000001
0x00000098e47feea0:   0000026d01000000 0000000001000000
0x00000098e47feeb0:   0000000000000000 0000000000010000
0x00000098e47feec0:   0000000000001000 ffffffff00000000
0x00000098e47feed0:   0000000000000000 0000000000000003
0x00000098e47feee0:   00008a2120f9e2b8 0000000000000000
0x00000098e47feef0:   0000000000000000 0000000000000000 

Instructions: (pc=0x00007ffb1032234e)
0x00007ffb1032224e:   fe 2b 63 00 e8 29 30 f8 ff 48 8b 0d 42 6c 83 00
0x00007ffb1032225e:   48 85 c9 74 22 44 0f b6 83 41 02 00 00 48 8d 0d
0x00007ffb1032226e:   ae 5a 63 00 0f b6 93 40 02 00 00 e8 a2 4d de ff
0x00007ffb1032227e:   48 8b 0d 1b 6c 83 00 0f b6 05 8b 7c 84 00 38 83
0x00007ffb1032228e:   40 02 00 00 75 60 0f b6 05 bd 7c 84 00 38 83 41
0x00007ffb1032229e:   02 00 00 75 51 80 bb a1 03 00 00 00 75 1f c6 05
0x00007ffb103222ae:   3d 38 7f 00 00 48 85 c9 74 13 48 8d 0d 61 5b 63
0x00007ffb103222be:   00 e8 5c 4d de ff 48 8b 0d d5 6b 83 00 80 bb a2
0x00007ffb103222ce:   03 00 00 00 75 18 c6 05 16 38 7f 00 00 48 85 c9
0x00007ffb103222de:   74 0c 48 8d 0d a9 5b 63 00 e8 34 4d de ff b0 01
0x00007ffb103222ee:   48 83 c4 20 5b c3 48 8d 0d 85 5a 63 00 e8 c0 d5
0x00007ffb103222fe:   ff ff 32 c0 48 83 c4 20 5b c3 cc cc cc cc cc cc
0x00007ffb1032230e:   cc cc 48 89 5c 24 10 48 89 6c 24 18 48 89 74 24
0x00007ffb1032231e:   20 57 48 83 ec 60 48 8b 05 9d fe 80 00 48 33 c4
0x00007ffb1032232e:   48 89 44 24 50 80 3d 39 19 7e 00 00 0f b6 ea 48
0x00007ffb1032233e:   8b f1 74 17 80 39 00 75 12 48 8b 0d 1a cf 83 00
0x00007ffb1032234e:   48 8b 01 ff 50 20 48 8b d8 eb 08 48 8b 59 18 48
0x00007ffb1032235e:   83 c3 04 48 83 3d 07 d0 83 00 00 40 b7 01 74 0f
0x00007ffb1032236e:   48 8b d3 48 8d 0d 28 46 63 00 e8 83 b1 f2 ff 48
0x00007ffb1032237e:   8d 54 24 20 48 8b cb e8 36 6d 3b 00 85 c0 74 19
0x00007ffb1032238e:   40 84 ed 74 14 48 8b d3 48 8d 0d 2b 46 63 00 e8
0x00007ffb1032239e:   1e d5 ff ff 40 32 ff eb 7a 80 3e 02 75 20 48 8b
0x00007ffb103223ae:   cb e8 5c 12 3b 00 84 c0 75 69 48 8b d3 48 8d 0d
0x00007ffb103223be:   36 46 63 00 e8 f9 d4 ff ff 40 32 ff eb 55 48 8b
0x00007ffb103223ce:   56 08 4c 8b 44 24 40 48 85 d2 74 05 49 3b d0 75
0x00007ffb103223de:   0b 48 63 44 24 34 48 39 46 10 74 37 40 32 ff 40
0x00007ffb103223ee:   38 3d ba 7c 84 00 74 1c 49 3b d0 48 8d 05 18 46
0x00007ffb103223fe:   63 00 48 8d 0d 29 46 63 00 48 0f 45 c8 e8 b0 d4
0x00007ffb1032240e:   ff ff eb 0f 48 8b d3 48 8d 0d 34 46 63 00 e8 9f
0x00007ffb1032241e:   d4 ff ff 80 3d 86 7c 84 00 00 74 10 40 84 ff 75
0x00007ffb1032242e:   0b c6 05 fb c5 85 00 01 b0 01 eb 04 40 0f b6 c7
0x00007ffb1032243e:   48 8b 4c 24 50 48 33 cc e8 c5 42 57 00 4c 8d 5c 



---------------  P R O C E S S  ---------------

Threads class SMR info:
_java_thread_list=0x00007ffb10b18a18, length=0, elements={
}

Java Threads: ( => current thread )

Other Threads:
  0x0000026d64f30370 GCTaskThread "GC Thread#0" [stack: 0x00000098e4800000,0x00000098e4900000] [id=20560]
  0x0000026d64f40fd0 ConcurrentGCThread "G1 Main Marker" [stack: 0x00000098e4900000,0x00000098e4a00000] [id=680]
  0x0000026d64f428f0 ConcurrentGCThread "G1 Conc#0" [stack: 0x00000098e4a00000,0x00000098e4b00000] [id=7404]
  0x0000026d003cf140 ConcurrentGCThread "G1 Refine#0" [stack: 0x00000098e4b00000,0x00000098e4c00000] [id=4040]
  0x0000026d003cf980 ConcurrentGCThread "G1 Service" [stack: 0x00000098e4c00000,0x00000098e4d00000] [id=20632]

=>0x0000026d64ec0be0 (exited) JavaThread "Unknown thread" [_thread_in_vm, id=4116, stack(0x00000098e4700000,0x00000098e4800000)]

Threads with active compile tasks:

VM state: not at safepoint (not fully initialized)

VM Mutex/Monitor currently owned by a thread: None

Heap address: 0x0000000701e00000, size: 4066 MB, Compressed Oops mode: Zero based, Oop shift amount: 3

CDS archive(s) mapped at: [0x0000000000000000-0x0000000000000000-0x0000000000000000), size 0, SharedBaseAddress: 0x0000000800000000, ArchiveRelocationMode: 1.
Narrow klass base: 0x0000000000000000, Narrow klass shift: 0, Narrow klass range: 0x0

GC Precious Log:
 CPUs: 8 total, 8 available
 Memory: 16262M
 Large Page Support: Disabled
 NUMA Support: Disabled
 Compressed Oops: Enabled (Zero based)
 Heap Region Size: 2M
 Heap Min Capacity: 8M
 Heap Initial Capacity: 256M
 Heap Max Capacity: 4066M
 Pre-touch: Disabled
 Parallel Workers: 8
 Concurrent Workers: 2
 Concurrent Refinement Workers: 8
 Periodic GC: Disabled

Heap:
 garbage-first heap   total 262144K, used 0K [0x0000000701e00000, 0x0000000800000000)
  region size 2048K, 0 young (0K), 0 survivors (0K)

[error occurred during error reporting (printing heap information), id 0xc0000005, EXCEPTION_ACCESS_VIOLATION (0xc0000005) at pc=0x00007ffb10733c09]

GC Heap History (0 events):
No events

Deoptimization events (0 events):
No events

Classes unloaded (0 events):
No events

Classes redefined (0 events):
No events

Internal exceptions (0 events):
No events

VM Operations (0 events):
No events

Events (2 events):
Event: 0.016 Loaded shared library C:\Program Files\Java\jdk-17\bin\java.dll
Event: 0.018 Loaded shared library C:\Program Files\Java\jdk-17\bin\zip.dll


Dynamic libraries:
0x00007ff6feeb0000 - 0x00007ff6feec0000 	C:\Program Files\Java\jdk-17\bin\java.exe
0x00007ffbe1770000 - 0x00007ffbe1987000 	C:\WINDOWS\SYSTEM32\ntdll.dll
0x00007ffbdfa10000 - 0x00007ffbdfad4000 	C:\WINDOWS\System32\KERNEL32.DLL
0x00007ffbdef00000 - 0x00007ffbdf2d3000 	C:\WINDOWS\System32\KERNELBASE.dll
0x00007ffbdf2e0000 - 0x00007ffbdf3f1000 	C:\WINDOWS\System32\ucrtbase.dll
0x00007ffbaacc0000 - 0x00007ffbaacdb000 	C:\Program Files\Java\jdk-17\bin\VCRUNTIME140.dll
0x00007ffbaaca0000 - 0x00007ffbaacb9000 	C:\Program Files\Java\jdk-17\bin\jli.dll
0x00007ffbe09c0000 - 0x00007ffbe0a71000 	C:\WINDOWS\System32\ADVAPI32.dll
0x00007ffbe0830000 - 0x00007ffbe08d7000 	C:\WINDOWS\System32\msvcrt.dll
0x00007ffbe1570000 - 0x00007ffbe1617000 	C:\WINDOWS\System32\sechost.dll
0x00007ffbdeda0000 - 0x00007ffbdedc8000 	C:\WINDOWS\System32\bcrypt.dll
0x00007ffbe0340000 - 0x00007ffbe0454000 	C:\WINDOWS\System32\RPCRT4.dll
0x00007ffbdffc0000 - 0x00007ffbe0171000 	C:\WINDOWS\System32\USER32.dll
0x00007ffbdea50000 - 0x00007ffbdea76000 	C:\WINDOWS\System32\win32u.dll
0x00007ffbc6f80000 - 0x00007ffbc721b000 	C:\WINDOWS\WinSxS\amd64_microsoft.windows.common-controls_6595b64144ccf1df_6.0.22621.5262_none_2712bde373830908\COMCTL32.dll
0x00007ffbdfe80000 - 0x00007ffbdfea9000 	C:\WINDOWS\System32\GDI32.dll
0x00007ffbdedd0000 - 0x00007ffbdeef2000 	C:\WINDOWS\System32\gdi32full.dll
0x00007ffbdebc0000 - 0x00007ffbdec5a000 	C:\WINDOWS\System32\msvcp_win.dll
0x00007ffbd6d20000 - 0x00007ffbd6d2a000 	C:\WINDOWS\SYSTEM32\VERSION.dll
0x00007ffbe0a80000 - 0x00007ffbe0ab1000 	C:\WINDOWS\System32\IMM32.DLL
0x00007ffbd6900000 - 0x00007ffbd690c000 	C:\Program Files\Java\jdk-17\bin\vcruntime140_1.dll
0x00007ffb95540000 - 0x00007ffb955ce000 	C:\Program Files\Java\jdk-17\bin\msvcp140.dll
0x00007ffb10060000 - 0x00007ffb10c41000 	C:\Program Files\Java\jdk-17\bin\server\jvm.dll
0x00007ffbe0550000 - 0x00007ffbe0558000 	C:\WINDOWS\System32\PSAPI.DLL
0x00007ffbb7cf0000 - 0x00007ffbb7cf9000 	C:\WINDOWS\SYSTEM32\WSOCK32.dll
0x00007ffbd6920000 - 0x00007ffbd6954000 	C:\WINDOWS\SYSTEM32\WINMM.dll
0x00007ffbdf400000 - 0x00007ffbdf471000 	C:\WINDOWS\System32\WS2_32.dll
0x00007ffbdd860000 - 0x00007ffbdd878000 	C:\WINDOWS\SYSTEM32\kernel.appcore.dll
0x00007ffbc8300000 - 0x00007ffbc830a000 	C:\Program Files\Java\jdk-17\bin\jimage.dll
0x00007ffbdc1d0000 - 0x00007ffbdc402000 	C:\WINDOWS\SYSTEM32\DBGHELP.DLL
0x00007ffbdfae0000 - 0x00007ffbdfe73000 	C:\WINDOWS\System32\combase.dll
0x00007ffbe0730000 - 0x00007ffbe0807000 	C:\WINDOWS\System32\OLEAUT32.dll
0x00007ffbc9240000 - 0x00007ffbc9272000 	C:\WINDOWS\SYSTEM32\dbgcore.DLL
0x00007ffbdeb40000 - 0x00007ffbdebbb000 	C:\WINDOWS\System32\bcryptPrimitives.dll
0x00007ffb9c940000 - 0x00007ffb9c965000 	C:\Program Files\Java\jdk-17\bin\java.dll
0x00007ffb9d850000 - 0x00007ffb9d868000 	C:\Program Files\Java\jdk-17\bin\zip.dll

dbghelp: loaded successfully - version: 4.0.5 - missing functions: none
symbol engine: initialized successfully - sym options: 0x614 - pdb path: .;C:\Program Files\Java\jdk-17\bin;C:\WINDOWS\SYSTEM32;C:\WINDOWS\WinSxS\amd64_microsoft.windows.common-controls_6595b64144ccf1df_6.0.22621.5262_none_2712bde373830908;C:\Program Files\Java\jdk-17\bin\server

VM Arguments:
jvm_args: --enable-native-access=ALL-UNNAMED 
java_command: <unknown>
java_class_path (initial): <not set>
Launcher Type: SUN_STANDARD

[Global flags]
     intx CICompilerCount                          = 4                                         {product} {ergonomic}
     uint ConcGCThreads                            = 2                                         {product} {ergonomic}
     uint G1ConcRefinementThreads                  = 8                                         {product} {ergonomic}
   size_t G1HeapRegionSize                         = 2097152                                   {product} {ergonomic}
    uintx GCDrainStackTargetSize                   = 64                                        {product} {ergonomic}
   size_t InitialHeapSize                          = 268435456                                 {product} {ergonomic}
   size_t MarkStackSize                            = 4194304                                   {product} {ergonomic}
   size_t MaxHeapSize                              = 4263510016                                {product} {ergonomic}
   size_t MaxNewSize                               = 2556428288                                {product} {ergonomic}
   size_t MinHeapDeltaBytes                        = 2097152                                   {product} {ergonomic}
   size_t MinHeapSize                              = 8388608                                   {product} {ergonomic}
    uintx NonNMethodCodeHeapSize                   = 5839372                                {pd product} {ergonomic}
    uintx NonProfiledCodeHeapSize                  = 122909434                              {pd product} {ergonomic}
    uintx ProfiledCodeHeapSize                     = 122909434                              {pd product} {ergonomic}
    uintx ReservedCodeCacheSize                    = 251658240                              {pd product} {ergonomic}
     bool SegmentedCodeCache                       = true                                      {product} {ergonomic}
   size_t SoftMaxHeapSize                          = 4263510016                             {manageable} {ergonomic}
     bool UseCompressedClassPointers               = true                           {product lp64_product} {ergonomic}
     bool UseCompressedOops                        = true                           {product lp64_product} {ergonomic}
     bool UseG1GC                                  = true                                      {product} {ergonomic}
     bool UseLargePagesIndividualAllocation        = false                                  {pd product} {ergonomic}

Logging:
Log output configuration:
 #0: stdout all=warning uptime,level,tags
 #1: stderr all=off uptime,level,tags

Environment Variables:
JAVA_HOME=C:\Program Files\Java\jdk-17
PATH=M:\db_home\bin;M:\Program Files\bin\;C:\Program Files\Microsoft MPI\Bin\;C:\Program Files\Amazon Corretto\jdk11.0.15_9\bin;C:\Program Files (x86)\Common Files\Oracle\Java\javapath;C:\WINDOWS\system32;C:\WINDOWS;C:\WINDOWS\System32\Wbem;C:\WINDOWS\System32\WindowsPowerShell\v1.0\;C:\WINDOWS\System32\OpenSSH\;C:\Program Files (x86)\Intel\Intel(R) Management Engine Components\DAL;C:\Program Files\Intel\Intel(R) Management Engine Components\DAL;C:\Program Files\Azure Data Studio\bin;C:\Program Files\nodejs\;C:\Program Files (x86)\Microsoft SQL Server\160\Tools\Binn\;C:\Program Files\Microsoft SQL Server\160\Tools\Binn\;C:\Program Files\Microsoft SQL Server\Client SDK\ODBC\170\Tools\Binn\;C:\Program Files\Microsoft SQL Server\160\DTS\Binn\;C:\Program Files (x86)\Microsoft SQL Server\160\DTS\Binn\;C:\Program Files\Docker\Docker\resources\bin;M:\Program Files\apache-maven-3.9.10\bin;C:\Program Files\Java\jdk-17\bin;C:\Users\Dell\AppData\Local\Microsoft\WindowsApps;C:\Program Files\JetBrains\IntelliJ IDEA Community Edition 2021.3.1\bin;C:\Users\Dell\AppData\Local\Programs\Microsoft VS Code\bin;C:\Users\Dell\AppData\Roaming\npm
USERNAME=Dell I7
OS=Windows_NT
PROCESSOR_IDENTIFIER=Intel64 Family 6 Model 142 Stepping 10, GenuineIntel



---------------  S Y S T E M  ---------------

OS:
 Windows 11 , 64 bit Build 22621 (10.0.22621.5262)
OS uptime: 0 days 0:26 hours
Hyper-V role detected

CPU: total 8 (initial active 8) (4 cores per cpu, 2 threads per core) family 6 model 142 stepping 10 microcode 0xf0, cx8, cmov, fxsr, ht, mmx, 3dnowpref, sse, sse2, sse3, ssse3, sse4.1, sse4.2, popcnt, lzcnt, tsc, tscinvbit, avx, avx2, aes, erms, clmul, bmi1, bmi2, rtm, adx, fma, vzeroupper, clflush, clflushopt, hv

Memory: 4k page, system-wide physical 16262M (6286M free)
TotalPageFile size 25478M (AvailPageFile size 7339M)
current process WorkingSet (physical memory assigned to process): 25M, peak: 25M
current process commit charge ("private bytes"): 339M, peak: 339M

vm_info: Java HotSpot(TM) 64-Bit Server VM (17.0.15+9-LTS-241) for windows-amd64 JRE (17.0.15+9-LTS-241), built on Feb 20 2025 10:49:54 by "mach5one" with MS VC++ 17.6 (VS2022)

END.
